<?xml version="1.0" encoding="UTF-8"?>
<coverage generated="1660827477223" clover="3.2.0">
  <project timestamp="1660827477224" name="All files">
    <metrics statements="16" coveredstatements="16" conditionals="2" coveredconditionals="2" methods="5" coveredmethods="5" elements="23" coveredelements="23" complexity="0" loc="16" ncloc="16" packages="1" files="3" classes="3"/>
    <file name="getTodo.js" path="/home/benkis/Desktop/microverse/module 2/week 3/todo-list-best-practices-/src/modules/getTodo.js">
      <metrics statements="6" coveredstatements="6" conditionals="2" coveredconditionals="2" methods="1" coveredmethods="1"/>
      <line num="1" count="1" type="stmt"/>
      <line num="3" count="9" type="cond" truecount="2" falsecount="0"/>
      <line num="4" count="2" type="stmt"/>
      <line num="6" count="7" type="stmt"/>
      <line num="8" count="9" type="stmt"/>
      <line num="9" count="9" type="stmt"/>
    </file>
    <file name="removeTodo.js" path="/home/benkis/Desktop/microverse/module 2/week 3/todo-list-best-practices-/src/modules/removeTodo.js">
      <metrics statements="6" coveredstatements="6" conditionals="0" coveredconditionals="0" methods="3" coveredmethods="3"/>
      <line num="3" count="1" type="stmt"/>
      <line num="4" count="1" type="stmt"/>
      <line num="5" count="1" type="stmt"/>
      <line num="6" count="3" type="stmt"/>
      <line num="7" count="2" type="stmt"/>
      <line num="8" count="1" type="stmt"/>
    </file>
    <file name="setTodo.js" path="/home/benkis/Desktop/microverse/module 2/week 3/todo-list-best-practices-/src/modules/setTodo.js">
      <metrics statements="4" coveredstatements="4" conditionals="0" coveredconditionals="0" methods="1" coveredmethods="1"/>
      <line num="3" count="1" type="stmt"/>
      <line num="4" count="3" type="stmt"/>
      <line num="5" count="3" type="stmt"/>
      <line num="6" count="3" type="stmt"/>
    </file>
  </project>
</coverage>
