{"E:\\Microverse\\module-2\\todo-list-best-practices-\\src\\modules\\clickRemoveTodo.js": {"path":"E:\\Microverse\\module-2\\todo-list-best-practices-\\src\\modules\\clickRemoveTodo.js","statementMap":{"0":{"start":{"line":3,"column":24},"end":{"line":15,"column":1}},"1":{"start":{"line":4,"column":20},"end":{"line":4,"column":53}},"2":{"start":{"line":5,"column":2},"end":{"line":14,"column":5}},"3":{"start":{"line":6,"column":4},"end":{"line":13,"column":7}},"4":{"start":{"line":7,"column":6},"end":{"line":7,"column":25}},"5":{"start":{"line":8,"column":21},"end":{"line":8,"column":29}},"6":{"start":{"line":9,"column":23},"end":{"line":9,"column":34}},"7":{"start":{"line":10,"column":6},"end":{"line":10,"column":27}},"8":{"start":{"line":11,"column":6},"end":{"line":11,"column":64}},"9":{"start":{"line":12,"column":6},"end":{"line":12,"column":31}}},"fnMap":{"0":{"name":"(anonymous_0)","decl":{"start":{"line":3,"column":24},"end":{"line":3,"column":25}},"loc":{"start":{"line":3,"column":30},"end":{"line":15,"column":1}},"line":3},"1":{"name":"(anonymous_1)","decl":{"start":{"line":5,"column":20},"end":{"line":5,"column":21}},"loc":{"start":{"line":5,"column":33},"end":{"line":14,"column":3}},"line":5},"2":{"name":"(anonymous_2)","decl":{"start":{"line":6,"column":38},"end":{"line":6,"column":39}},"loc":{"start":{"line":6,"column":45},"end":{"line":13,"column":5}},"line":6}},"branchMap":{},"s":{"0":1,"1":0,"2":0,"3":0,"4":0,"5":0,"6":0,"7":0,"8":0,"9":0},"f":{"0":0,"1":0,"2":0},"b":{},"_coverageSchema":"1a1c01bbd47fc00a2c39e90264f33305004495a9","hash":"edbc79c63d726ad4c540eb366edd0ba518a09f33"}
,"E:\\Microverse\\module-2\\todo-list-best-practices-\\src\\modules\\editTodo.js": {"path":"E:\\Microverse\\module-2\\todo-list-best-practices-\\src\\modules\\editTodo.js","statementMap":{"0":{"start":{"line":3,"column":17},"end":{"line":29,"column":1}},"1":{"start":{"line":4,"column":16},"end":{"line":4,"column":24}},"2":{"start":{"line":5,"column":22},"end":{"line":5,"column":53}},"3":{"start":{"line":7,"column":2},"end":{"line":28,"column":5}},"4":{"start":{"line":8,"column":4},"end":{"line":27,"column":5}},"5":{"start":{"line":9,"column":6},"end":{"line":9,"column":29}},"6":{"start":{"line":10,"column":26},"end":{"line":10,"column":37}},"7":{"start":{"line":11,"column":22},"end":{"line":11,"column":30}},"8":{"start":{"line":12,"column":19},"end":{"line":12,"column":28}},"9":{"start":{"line":13,"column":24},"end":{"line":13,"column":33}},"10":{"start":{"line":14,"column":20},"end":{"line":14,"column":48}},"11":{"start":{"line":15,"column":22},"end":{"line":15,"column":84}},"12":{"start":{"line":15,"column":49},"end":{"line":15,"column":83}},"13":{"start":{"line":16,"column":6},"end":{"line":26,"column":7}},"14":{"start":{"line":17,"column":24},"end":{"line":17,"column":43}},"15":{"start":{"line":18,"column":27},"end":{"line":18,"column":76}},"16":{"start":{"line":19,"column":8},"end":{"line":19,"column":33}},"17":{"start":{"line":21,"column":8},"end":{"line":21,"column":62}},"18":{"start":{"line":22,"column":8},"end":{"line":22,"column":33}},"19":{"start":{"line":23,"column":8},"end":{"line":23,"column":53}},"20":{"start":{"line":25,"column":8},"end":{"line":25,"column":69}}},"fnMap":{"0":{"name":"(anonymous_0)","decl":{"start":{"line":3,"column":17},"end":{"line":3,"column":18}},"loc":{"start":{"line":3,"column":31},"end":{"line":29,"column":1}},"line":3},"1":{"name":"(anonymous_1)","decl":{"start":{"line":7,"column":37},"end":{"line":7,"column":38}},"loc":{"start":{"line":7,"column":48},"end":{"line":28,"column":3}},"line":7},"2":{"name":"(anonymous_2)","decl":{"start":{"line":15,"column":39},"end":{"line":15,"column":40}},"loc":{"start":{"line":15,"column":49},"end":{"line":15,"column":83}},"line":15}},"branchMap":{"0":{"loc":{"start":{"line":8,"column":4},"end":{"line":27,"column":5}},"type":"if","locations":[{"start":{"line":8,"column":4},"end":{"line":27,"column":5}},{"start":{},"end":{}}],"line":8},"1":{"loc":{"start":{"line":16,"column":6},"end":{"line":26,"column":7}},"type":"if","locations":[{"start":{"line":16,"column":6},"end":{"line":26,"column":7}},{"start":{"line":24,"column":13},"end":{"line":26,"column":7}}],"line":16}},"s":{"0":1,"1":0,"2":0,"3":0,"4":0,"5":0,"6":0,"7":0,"8":0,"9":0,"10":0,"11":0,"12":0,"13":0,"14":0,"15":0,"16":0,"17":0,"18":0,"19":0,"20":0},"f":{"0":0,"1":0,"2":0},"b":{"0":[0,0],"1":[0,0]},"_coverageSchema":"1a1c01bbd47fc00a2c39e90264f33305004495a9","hash":"967003ad45ca92bc869256e1224764b03aca35ef"}
,"E:\\Microverse\\module-2\\todo-list-best-practices-\\src\\modules\\getTodo.js": {"path":"E:\\Microverse\\module-2\\todo-list-best-practices-\\src\\modules\\getTodo.js","statementMap":{"0":{"start":{"line":1,"column":16},"end":{"line":10,"column":1}},"1":{"start":{"line":3,"column":2},"end":{"line":7,"column":3}},"2":{"start":{"line":4,"column":4},"end":{"line":4,"column":14}},"3":{"start":{"line":6,"column":4},"end":{"line":6,"column":52}},"4":{"start":{"line":8,"column":19},"end":{"line":8,"column":30}},"5":{"start":{"line":9,"column":2},"end":{"line":9,"column":28}}},"fnMap":{"0":{"name":"(anonymous_0)","decl":{"start":{"line":1,"column":16},"end":{"line":1,"column":17}},"loc":{"start":{"line":1,"column":22},"end":{"line":10,"column":1}},"line":1}},"branchMap":{"0":{"loc":{"start":{"line":3,"column":2},"end":{"line":7,"column":3}},"type":"if","locations":[{"start":{"line":3,"column":2},"end":{"line":7,"column":3}},{"start":{"line":5,"column":9},"end":{"line":7,"column":3}}],"line":3}},"s":{"0":1,"1":9,"2":2,"3":7,"4":9,"5":9},"f":{"0":9},"b":{"0":[2,7]},"_coverageSchema":"1a1c01bbd47fc00a2c39e90264f33305004495a9","hash":"bc61fc4aded929b8762498c23244c4aee017090f"}
,"E:\\Microverse\\module-2\\todo-list-best-practices-\\src\\modules\\removeTodo.js": {"path":"E:\\Microverse\\module-2\\todo-list-best-practices-\\src\\modules\\removeTodo.js","statementMap":{"0":{"start":{"line":3,"column":19},"end":{"line":9,"column":1}},"1":{"start":{"line":4,"column":19},"end":{"line":4,"column":28}},"2":{"start":{"line":5,"column":20},"end":{"line":5,"column":33}},"3":{"start":{"line":6,"column":18},"end":{"line":6,"column":83}},"4":{"start":{"line":6,"column":45},"end":{"line":6,"column":82}},"5":{"start":{"line":7,"column":2},"end":{"line":7,"column":56}},"6":{"start":{"line":7,"column":33},"end":{"line":7,"column":52}},"7":{"start":{"line":8,"column":2},"end":{"line":8,"column":56}}},"fnMap":{"0":{"name":"(anonymous_0)","decl":{"start":{"line":3,"column":19},"end":{"line":3,"column":20}},"loc":{"start":{"line":3,"column":33},"end":{"line":9,"column":1}},"line":3},"1":{"name":"(anonymous_1)","decl":{"start":{"line":6,"column":35},"end":{"line":6,"column":36}},"loc":{"start":{"line":6,"column":45},"end":{"line":6,"column":82}},"line":6},"2":{"name":"(anonymous_2)","decl":{"start":{"line":7,"column":18},"end":{"line":7,"column":19}},"loc":{"start":{"line":7,"column":31},"end":{"line":7,"column":54}},"line":7}},"branchMap":{},"s":{"0":1,"1":1,"2":1,"3":1,"4":3,"5":1,"6":2,"7":1},"f":{"0":1,"1":3,"2":2},"b":{},"_coverageSchema":"1a1c01bbd47fc00a2c39e90264f33305004495a9","hash":"b41024aea7c39f094fa5989cd0a584dee7188c44"}
,"E:\\Microverse\\module-2\\todo-list-best-practices-\\src\\modules\\renderAddedList.js": {"path":"E:\\Microverse\\module-2\\todo-list-best-practices-\\src\\modules\\renderAddedList.js","statementMap":{"0":{"start":{"line":7,"column":24},"end":{"line":24,"column":1}},"1":{"start":{"line":8,"column":15},"end":{"line":8,"column":24}},"2":{"start":{"line":9,"column":24},"end":{"line":9,"column":60}},"3":{"start":{"line":10,"column":22},"end":{"line":10,"column":62}},"4":{"start":{"line":11,"column":20},"end":{"line":11,"column":58}},"5":{"start":{"line":12,"column":2},"end":{"line":19,"column":16}},"6":{"start":{"line":21,"column":2},"end":{"line":21,"column":18}},"7":{"start":{"line":22,"column":2},"end":{"line":22,"column":20}},"8":{"start":{"line":23,"column":2},"end":{"line":23,"column":23}}},"fnMap":{"0":{"name":"(anonymous_0)","decl":{"start":{"line":7,"column":24},"end":{"line":7,"column":25}},"loc":{"start":{"line":7,"column":39},"end":{"line":24,"column":1}},"line":7}},"branchMap":{"0":{"loc":{"start":{"line":10,"column":22},"end":{"line":10,"column":62}},"type":"cond-expr","locations":[{"start":{"line":10,"column":48},"end":{"line":10,"column":57}},{"start":{"line":10,"column":60},"end":{"line":10,"column":62}}],"line":10},"1":{"loc":{"start":{"line":11,"column":20},"end":{"line":11,"column":58}},"type":"cond-expr","locations":[{"start":{"line":11,"column":46},"end":{"line":11,"column":53}},{"start":{"line":11,"column":56},"end":{"line":11,"column":58}}],"line":11}},"s":{"0":1,"1":0,"2":0,"3":0,"4":0,"5":0,"6":0,"7":0,"8":0},"f":{"0":0},"b":{"0":[0,0],"1":[0,0]},"_coverageSchema":"1a1c01bbd47fc00a2c39e90264f33305004495a9","hash":"9312c7985184fafaee285d9238af7785f7023f11"}
,"E:\\Microverse\\module-2\\todo-list-best-practices-\\src\\modules\\setTodo.js": {"path":"E:\\Microverse\\module-2\\todo-list-best-practices-\\src\\modules\\setTodo.js","statementMap":{"0":{"start":{"line":3,"column":16},"end":{"line":7,"column":1}},"1":{"start":{"line":4,"column":20},"end":{"line":4,"column":34}},"2":{"start":{"line":5,"column":2},"end":{"line":5,"column":26}},"3":{"start":{"line":6,"column":2},"end":{"line":6,"column":58}}},"fnMap":{"0":{"name":"(anonymous_0)","decl":{"start":{"line":3,"column":16},"end":{"line":3,"column":17}},"loc":{"start":{"line":3,"column":29},"end":{"line":7,"column":1}},"line":3}},"branchMap":{},"s":{"0":1,"1":3,"2":3,"3":3},"f":{"0":3},"b":{},"_coverageSchema":"1a1c01bbd47fc00a2c39e90264f33305004495a9","hash":"e91d689667fa73521a0a6c63f13bb6581966d3f2"}
,"E:\\Microverse\\module-2\\todo-list-best-practices-\\src\\modules\\showEditTools.js": {"path":"E:\\Microverse\\module-2\\todo-list-best-practices-\\src\\modules\\showEditTools.js","statementMap":{"0":{"start":{"line":3,"column":22},"end":{"line":24,"column":1}},"1":{"start":{"line":4,"column":20},"end":{"line":4,"column":54}},"2":{"start":{"line":5,"column":2},"end":{"line":23,"column":5}},"3":{"start":{"line":6,"column":4},"end":{"line":22,"column":7}},"4":{"start":{"line":7,"column":6},"end":{"line":7,"column":25}},"5":{"start":{"line":9,"column":24},"end":{"line":9,"column":48}},"6":{"start":{"line":10,"column":6},"end":{"line":10,"column":39}},"7":{"start":{"line":11,"column":23},"end":{"line":11,"column":46}},"8":{"start":{"line":12,"column":6},"end":{"line":12,"column":39}},"9":{"start":{"line":14,"column":24},"end":{"line":14,"column":60}},"10":{"start":{"line":15,"column":22},"end":{"line":15,"column":43}},"11":{"start":{"line":16,"column":6},"end":{"line":16,"column":42}},"12":{"start":{"line":17,"column":18},"end":{"line":17,"column":38}},"13":{"start":{"line":18,"column":6},"end":{"line":18,"column":42}},"14":{"start":{"line":19,"column":6},"end":{"line":19,"column":22}},"15":{"start":{"line":21,"column":6},"end":{"line":21,"column":24}}},"fnMap":{"0":{"name":"(anonymous_0)","decl":{"start":{"line":3,"column":22},"end":{"line":3,"column":23}},"loc":{"start":{"line":3,"column":28},"end":{"line":24,"column":1}},"line":3},"1":{"name":"(anonymous_1)","decl":{"start":{"line":5,"column":20},"end":{"line":5,"column":21}},"loc":{"start":{"line":5,"column":32},"end":{"line":23,"column":3}},"line":5},"2":{"name":"(anonymous_2)","decl":{"start":{"line":6,"column":37},"end":{"line":6,"column":38}},"loc":{"start":{"line":6,"column":44},"end":{"line":22,"column":5}},"line":6}},"branchMap":{},"s":{"0":1,"1":0,"2":0,"3":0,"4":0,"5":0,"6":0,"7":0,"8":0,"9":0,"10":0,"11":0,"12":0,"13":0,"14":0,"15":0},"f":{"0":0,"1":0,"2":0},"b":{},"_coverageSchema":"1a1c01bbd47fc00a2c39e90264f33305004495a9","hash":"acfa0e63fcee34b2d96f242a4669c861666cdc16"}
,"E:\\Microverse\\module-2\\todo-list-best-practices-\\src\\modules\\strikeCheckedItems.js": {"path":"E:\\Microverse\\module-2\\todo-list-best-practices-\\src\\modules\\strikeCheckedItems.js","statementMap":{"0":{"start":{"line":3,"column":17},"end":{"line":6,"column":1}},"1":{"start":{"line":4,"column":2},"end":{"line":4,"column":52}},"2":{"start":{"line":5,"column":2},"end":{"line":5,"column":27}},"3":{"start":{"line":8,"column":23},"end":{"line":42,"column":1}},"4":{"start":{"line":9,"column":16},"end":{"line":9,"column":30}},"5":{"start":{"line":10,"column":21},"end":{"line":10,"column":70}},"6":{"start":{"line":11,"column":2},"end":{"line":41,"column":5}},"7":{"start":{"line":12,"column":4},"end":{"line":40,"column":7}},"8":{"start":{"line":13,"column":6},"end":{"line":13,"column":25}},"9":{"start":{"line":14,"column":25},"end":{"line":14,"column":61}},"10":{"start":{"line":15,"column":28},"end":{"line":15,"column":52}},"11":{"start":{"line":17,"column":24},"end":{"line":17,"column":41}},"12":{"start":{"line":19,"column":27},"end":{"line":19,"column":48}},"13":{"start":{"line":21,"column":6},"end":{"line":39,"column":7}},"14":{"start":{"line":22,"column":8},"end":{"line":22,"column":46}},"15":{"start":{"line":23,"column":22},"end":{"line":28,"column":10}},"16":{"start":{"line":24,"column":10},"end":{"line":26,"column":11}},"17":{"start":{"line":25,"column":12},"end":{"line":25,"column":47}},"18":{"start":{"line":27,"column":10},"end":{"line":27,"column":21}},"19":{"start":{"line":29,"column":8},"end":{"line":29,"column":24}},"20":{"start":{"line":31,"column":8},"end":{"line":31,"column":49}},"21":{"start":{"line":32,"column":25},"end":{"line":37,"column":10}},"22":{"start":{"line":33,"column":10},"end":{"line":35,"column":11}},"23":{"start":{"line":34,"column":12},"end":{"line":34,"column":49}},"24":{"start":{"line":36,"column":10},"end":{"line":36,"column":22}},"25":{"start":{"line":38,"column":8},"end":{"line":38,"column":27}}},"fnMap":{"0":{"name":"(anonymous_0)","decl":{"start":{"line":3,"column":17},"end":{"line":3,"column":18}},"loc":{"start":{"line":3,"column":26},"end":{"line":6,"column":1}},"line":3},"1":{"name":"(anonymous_1)","decl":{"start":{"line":8,"column":23},"end":{"line":8,"column":24}},"loc":{"start":{"line":8,"column":29},"end":{"line":42,"column":1}},"line":8},"2":{"name":"(anonymous_2)","decl":{"start":{"line":11,"column":21},"end":{"line":11,"column":22}},"loc":{"start":{"line":11,"column":30},"end":{"line":41,"column":3}},"line":11},"3":{"name":"(anonymous_3)","decl":{"start":{"line":12,"column":35},"end":{"line":12,"column":36}},"loc":{"start":{"line":12,"column":42},"end":{"line":40,"column":5}},"line":12},"4":{"name":"(anonymous_4)","decl":{"start":{"line":23,"column":32},"end":{"line":23,"column":33}},"loc":{"start":{"line":23,"column":41},"end":{"line":28,"column":9}},"line":23},"5":{"name":"(anonymous_5)","decl":{"start":{"line":32,"column":35},"end":{"line":32,"column":36}},"loc":{"start":{"line":32,"column":45},"end":{"line":37,"column":9}},"line":32}},"branchMap":{"0":{"loc":{"start":{"line":21,"column":6},"end":{"line":39,"column":7}},"type":"if","locations":[{"start":{"line":21,"column":6},"end":{"line":39,"column":7}},{"start":{"line":30,"column":13},"end":{"line":39,"column":7}}],"line":21},"1":{"loc":{"start":{"line":24,"column":10},"end":{"line":26,"column":11}},"type":"if","locations":[{"start":{"line":24,"column":10},"end":{"line":26,"column":11}},{"start":{},"end":{}}],"line":24},"2":{"loc":{"start":{"line":33,"column":10},"end":{"line":35,"column":11}},"type":"if","locations":[{"start":{"line":33,"column":10},"end":{"line":35,"column":11}},{"start":{},"end":{}}],"line":33}},"s":{"0":1,"1":0,"2":0,"3":1,"4":0,"5":0,"6":0,"7":0,"8":0,"9":0,"10":0,"11":0,"12":0,"13":0,"14":0,"15":0,"16":0,"17":0,"18":0,"19":0,"20":0,"21":0,"22":0,"23":0,"24":0,"25":0},"f":{"0":0,"1":0,"2":0,"3":0,"4":0,"5":0},"b":{"0":[0,0],"1":[0,0],"2":[0,0]},"_coverageSchema":"1a1c01bbd47fc00a2c39e90264f33305004495a9","hash":"79b3eaf30f3523d1fed532d173b0f682f2871114"}
}
