{"/home/benkis/Desktop/microverse/module 2/week 3/todo-list-best-practices-/src/modules/getTodo.js": {"path":"/home/benkis/Desktop/microverse/module 2/week 3/todo-list-best-practices-/src/modules/getTodo.js","statementMap":{"0":{"start":{"line":1,"column":16},"end":{"line":10,"column":1}},"1":{"start":{"line":3,"column":2},"end":{"line":7,"column":3}},"2":{"start":{"line":4,"column":4},"end":{"line":4,"column":14}},"3":{"start":{"line":6,"column":4},"end":{"line":6,"column":52}},"4":{"start":{"line":8,"column":19},"end":{"line":8,"column":30}},"5":{"start":{"line":9,"column":2},"end":{"line":9,"column":28}}},"fnMap":{"0":{"name":"(anonymous_0)","decl":{"start":{"line":1,"column":16},"end":{"line":1,"column":17}},"loc":{"start":{"line":1,"column":22},"end":{"line":10,"column":1}},"line":1}},"branchMap":{"0":{"loc":{"start":{"line":3,"column":2},"end":{"line":7,"column":3}},"type":"if","locations":[{"start":{"line":3,"column":2},"end":{"line":7,"column":3}},{"start":{"line":5,"column":9},"end":{"line":7,"column":3}}],"line":3}},"s":{"0":1,"1":9,"2":2,"3":7,"4":9,"5":9},"f":{"0":9},"b":{"0":[2,7]},"_coverageSchema":"1a1c01bbd47fc00a2c39e90264f33305004495a9","hash":"26d148e88841cd4dac12ad0c554b5427af0f9379"}
,"/home/benkis/Desktop/microverse/module 2/week 3/todo-list-best-practices-/src/modules/removeTodo.js": {"path":"/home/benkis/Desktop/microverse/module 2/week 3/todo-list-best-practices-/src/modules/removeTodo.js","statementMap":{"0":{"start":{"line":3,"column":19},"end":{"line":9,"column":1}},"1":{"start":{"line":4,"column":19},"end":{"line":4,"column":28}},"2":{"start":{"line":5,"column":20},"end":{"line":5,"column":33}},"3":{"start":{"line":6,"column":18},"end":{"line":6,"column":83}},"4":{"start":{"line":6,"column":45},"end":{"line":6,"column":82}},"5":{"start":{"line":7,"column":2},"end":{"line":7,"column":56}},"6":{"start":{"line":7,"column":33},"end":{"line":7,"column":52}},"7":{"start":{"line":8,"column":2},"end":{"line":8,"column":56}}},"fnMap":{"0":{"name":"(anonymous_0)","decl":{"start":{"line":3,"column":19},"end":{"line":3,"column":20}},"loc":{"start":{"line":3,"column":33},"end":{"line":9,"column":1}},"line":3},"1":{"name":"(anonymous_1)","decl":{"start":{"line":6,"column":35},"end":{"line":6,"column":36}},"loc":{"start":{"line":6,"column":45},"end":{"line":6,"column":82}},"line":6},"2":{"name":"(anonymous_2)","decl":{"start":{"line":7,"column":18},"end":{"line":7,"column":19}},"loc":{"start":{"line":7,"column":31},"end":{"line":7,"column":54}},"line":7}},"branchMap":{},"s":{"0":1,"1":1,"2":1,"3":1,"4":3,"5":1,"6":2,"7":1},"f":{"0":1,"1":3,"2":2},"b":{},"_coverageSchema":"1a1c01bbd47fc00a2c39e90264f33305004495a9","hash":"da95db177b5eb1854331c8d6e4ce9b00011350e0"}
,"/home/benkis/Desktop/microverse/module 2/week 3/todo-list-best-practices-/src/modules/setTodo.js": {"path":"/home/benkis/Desktop/microverse/module 2/week 3/todo-list-best-practices-/src/modules/setTodo.js","statementMap":{"0":{"start":{"line":3,"column":16},"end":{"line":7,"column":1}},"1":{"start":{"line":4,"column":20},"end":{"line":4,"column":34}},"2":{"start":{"line":5,"column":2},"end":{"line":5,"column":26}},"3":{"start":{"line":6,"column":2},"end":{"line":6,"column":58}}},"fnMap":{"0":{"name":"(anonymous_0)","decl":{"start":{"line":3,"column":16},"end":{"line":3,"column":17}},"loc":{"start":{"line":3,"column":29},"end":{"line":7,"column":1}},"line":3}},"branchMap":{},"s":{"0":1,"1":3,"2":3,"3":3},"f":{"0":3},"b":{},"_coverageSchema":"1a1c01bbd47fc00a2c39e90264f33305004495a9","hash":"a04f5499ac0c7b6f41b15092dfae0c8fd1cb4894"}
}
