TN:
SF:src/modules/getTodo.js
FN:1,(anonymous_0)
FNF:1
FNH:1
FNDA:9,(anonymous_0)
DA:1,1
DA:3,9
DA:4,2
DA:6,7
DA:8,9
DA:9,9
LF:6
LH:6
BRDA:3,0,0,2
BRDA:3,0,1,7
BRF:2
BRH:2
end_of_record
TN:
SF:src/modules/removeTodo.js
FN:3,(anonymous_0)
FN:6,(anonymous_1)
FN:7,(anonymous_2)
FNF:3
FNH:3
FNDA:1,(anonymous_0)
FNDA:3,(anonymous_1)
FNDA:2,(anonymous_2)
DA:3,1
DA:4,1
DA:5,1
DA:6,3
DA:7,2
DA:8,1
LF:6
LH:6
BRF:0
BRH:0
end_of_record
TN:
SF:src/modules/setTodo.js
FN:3,(anonymous_0)
FNF:1
FNH:1
FNDA:3,(anonymous_0)
DA:3,1
DA:4,3
DA:5,3
DA:6,3
LF:4
LH:4
BRF:0
BRH:0
end_of_record
